# JRE version: Java(TM) SE Runtime Environment (8.0_201-b09) (build 1.8.0_201-b09)
# Java VM: Java HotSpot(TM) 64-Bit Server VM (25.201-b09 mixed mode windows-amd64 compressed oops)
Heap:
 PSYoungGen      total 202240K, used 96880K [0x00000000d5580000, 0x00000000e4680000, 0x0000000100000000)
  eden space 180736K, 53% used [0x00000000d5580000,0x00000000db41c1e0,0x00000000e0600000)
  from space 21504K, 0% used [0x00000000e1b00000,0x00000000e1b00000,0x00000000e3000000)
  to   space 21504K, 0% used [0x00000000e0600000,0x00000000e0600000,0x00000000e1b00000)
 ParOldGen       total 364032K, used 25935K [0x0000000080000000, 0x0000000096380000, 0x00000000d5580000)
  object space 364032K, 7% used [0x0000000080000000,0x0000000081953fc0,0x0000000096380000)
 Metaspace       used 36998K, capacity 37842K, committed 38016K, reserved 1081344K
  class space    used 5193K, capacity 5453K, committed 5504K, reserved 1048576K
GC Heap History (10 events):
Event: 4.116 GC heap before
{Heap before GC invocations=2 (full 1):
 PSYoungGen      total 153088K, used 16131K [0x00000000d5580000, 0x00000000e0000000, 0x0000000100000000)
  eden space 131584K, 0% used [0x00000000d5580000,0x00000000d5580000,0x00000000dd600000)
  from space 21504K, 75% used [0x00000000dd600000,0x00000000de5c0f90,0x00000000deb00000)
  to   space 21504K, 0% used [0x00000000deb00000,0x00000000deb00000,0x00000000e0000000)
 ParOldGen       total 349696K, used 8K [0x0000000080000000, 0x0000000095580000, 0x00000000d5580000)
  object space 349696K, 0% used [0x0000000080000000,0x0000000080002000,0x0000000095580000)
 Metaspace       used 20912K, capacity 21230K, committed 21296K, reserved 1067008K
  class space    used 2752K, capacity 2898K, committed 2944K, reserved 1048576K
Event: 4.196 GC heap after
Heap after GC invocations=2 (full 1):
 PSYoungGen      total 153088K, used 0K [0x00000000d5580000, 0x00000000e0000000, 0x0000000100000000)
  eden space 131584K, 0% used [0x00000000d5580000,0x00000000d5580000,0x00000000dd600000)
  from space 21504K, 0% used [0x00000000dd600000,0x00000000dd600000,0x00000000deb00000)
  to   space 21504K, 0% used [0x00000000deb00000,0x00000000deb00000,0x00000000e0000000)
 ParOldGen       total 349696K, used 15670K [0x0000000080000000, 0x0000000095580000, 0x00000000d5580000)
  object space 349696K, 4% used [0x0000000080000000,0x0000000080f4d890,0x0000000095580000)
 Metaspace       used 20912K, capacity 21230K, committed 21296K, reserved 1067008K
  class space    used 2752K, capacity 2898K, committed 2944K, reserved 1048576K
}
Event: 7.623 GC heap before
{Heap before GC invocations=3 (full 1):
 PSYoungGen      total 153088K, used 131584K [0x00000000d5580000, 0x00000000e0000000, 0x0000000100000000)
  eden space 131584K, 100% used [0x00000000d5580000,0x00000000dd600000,0x00000000dd600000)
  from space 21504K, 0% used [0x00000000dd600000,0x00000000dd600000,0x00000000deb00000)
  to   space 21504K, 0% used [0x00000000deb00000,0x00000000deb00000,0x00000000e0000000)
 ParOldGen       total 349696K, used 15670K [0x0000000080000000, 0x0000000095580000, 0x00000000d5580000)
  object space 349696K, 4% used [0x0000000080000000,0x0000000080f4d890,0x0000000095580000)
 Metaspace       used 30000K, capacity 30798K, committed 30976K, reserved 1075200K
  class space    used 4072K, capacity 4334K, committed 4352K, reserved 1048576K
Event: 7.644 GC heap after
Heap after GC invocations=3 (full 1):
 PSYoungGen      total 153088K, used 13832K [0x00000000d5580000, 0x00000000e2200000, 0x0000000100000000)
  eden space 131584K, 0% used [0x00000000d5580000,0x00000000d5580000,0x00000000dd600000)
  from space 21504K, 64% used [0x00000000deb00000,0x00000000df882048,0x00000000e0000000)
  to   space 21504K, 0% used [0x00000000dd600000,0x00000000dd600000,0x00000000deb00000)
 ParOldGen       total 349696K, used 15670K [0x0000000080000000, 0x0000000095580000, 0x00000000d5580000)
  object space 349696K, 4% used [0x0000000080000000,0x0000000080f4d890,0x0000000095580000)
 Metaspace       used 30000K, capacity 30798K, committed 30976K, reserved 1075200K
  class space    used 4072K, capacity 4334K, committed 4352K, reserved 1048576K
}
Event: 9.401 GC heap before
{Heap before GC invocations=4 (full 1):
 PSYoungGen      total 153088K, used 145416K [0x00000000d5580000, 0x00000000e2200000, 0x0000000100000000)
  eden space 131584K, 100% used [0x00000000d5580000,0x00000000dd600000,0x00000000dd600000)
  from space 21504K, 64% used [0x00000000deb00000,0x00000000df882048,0x00000000e0000000)
  to   space 21504K, 0% used [0x00000000dd600000,0x00000000dd600000,0x00000000deb00000)
 ParOldGen       total 349696K, used 15670K [0x0000000080000000, 0x0000000095580000, 0x00000000d5580000)
  object space 349696K, 4% used [0x0000000080000000,0x0000000080f4d890,0x0000000095580000)
 Metaspace       used 33684K, capacity 34524K, committed 34688K, reserved 1079296K
  class space    used 4668K, capacity 4914K, committed 4992K, reserved 1048576K
Event: 9.438 GC heap after
Heap after GC invocations=4 (full 1):
 PSYoungGen      total 153088K, used 17313K [0x00000000d5580000, 0x00000000e3000000, 0x0000000100000000)
  eden space 131584K, 0% used [0x00000000d5580000,0x00000000d5580000,0x00000000dd600000)
  from space 21504K, 80% used [0x00000000dd600000,0x00000000de6e8568,0x00000000deb00000)
  to   space 21504K, 0% used [0x00000000e1b00000,0x00000000e1b00000,0x00000000e3000000)
 ParOldGen       total 349696K, used 15670K [0x0000000080000000, 0x0000000095580000, 0x00000000d5580000)
  object space 349696K, 4% used [0x0000000080000000,0x0000000080f4d890,0x0000000095580000)
 Metaspace       used 33684K, capacity 34524K, committed 34688K, reserved 1079296K
  class space    used 4668K, capacity 4914K, committed 4992K, reserved 1048576K
}
Event: 9.976 GC heap before
{Heap before GC invocations=5 (full 1):
 PSYoungGen      total 153088K, used 65355K [0x00000000d5580000, 0x00000000e3000000, 0x0000000100000000)
  eden space 131584K, 36% used [0x00000000d5580000,0x00000000d846a6b0,0x00000000dd600000)
  from space 21504K, 80% used [0x00000000dd600000,0x00000000de6e8568,0x00000000deb00000)
  to   space 21504K, 0% used [0x00000000e1b00000,0x00000000e1b00000,0x00000000e3000000)
 ParOldGen       total 349696K, used 15670K [0x0000000080000000, 0x0000000095580000, 0x00000000d5580000)
  object space 349696K, 4% used [0x0000000080000000,0x0000000080f4d890,0x0000000095580000)
 Metaspace       used 34520K, capacity 35386K, committed 35496K, reserved 1079296K
  class space    used 4796K, capacity 5030K, committed 5120K, reserved 1048576K
Event: 10.009 GC heap after
Heap after GC invocations=5 (full 1):
 PSYoungGen      total 202240K, used 19418K [0x00000000d5580000, 0x00000000e4680000, 0x0000000100000000)
  eden space 180736K, 0% used [0x00000000d5580000,0x00000000d5580000,0x00000000e0600000)
  from space 21504K, 90% used [0x00000000e1b00000,0x00000000e2df69e8,0x00000000e3000000)
  to   space 21504K, 0% used [0x00000000e0600000,0x00000000e0600000,0x00000000e1b00000)
 ParOldGen       total 349696K, used 15742K [0x0000000080000000, 0x0000000095580000, 0x00000000d5580000)
  object space 349696K, 4% used [0x0000000080000000,0x0000000080f5f8a0,0x0000000095580000)
 Metaspace       used 34520K, capacity 35386K, committed 35496K, reserved 1079296K
  class space    used 4796K, capacity 5030K, committed 5120K, reserved 1048576K
}
Event: 10.009 GC heap before
{Heap before GC invocations=6 (full 2):
 PSYoungGen      total 202240K, used 19418K [0x00000000d5580000, 0x00000000e4680000, 0x0000000100000000)
  eden space 180736K, 0% used [0x00000000d5580000,0x00000000d5580000,0x00000000e0600000)
  from space 21504K, 90% used [0x00000000e1b00000,0x00000000e2df69e8,0x00000000e3000000)
  to   space 21504K, 0% used [0x00000000e0600000,0x00000000e0600000,0x00000000e1b00000)
 ParOldGen       total 349696K, used 15742K [0x0000000080000000, 0x0000000095580000, 0x00000000d5580000)
  object space 349696K, 4% used [0x0000000080000000,0x0000000080f5f8a0,0x0000000095580000)
 Metaspace       used 34520K, capacity 35386K, committed 35496K, reserved 1079296K
  class space    used 4796K, capacity 5030K, committed 5120K, reserved 1048576K
Event: 10.170 GC heap after
Heap after GC invocations=6 (full 2):
 PSYoungGen      total 202240K, used 0K [0x00000000d5580000, 0x00000000e4680000, 0x0000000100000000)
  eden space 180736K, 0% used [0x00000000d5580000,0x00000000d5580000,0x00000000e0600000)
  from space 21504K, 0% used [0x00000000e1b00000,0x00000000e1b00000,0x00000000e3000000)
  to   space 21504K, 0% used [0x00000000e0600000,0x00000000e0600000,0x00000000e1b00000)
 ParOldGen       total 364032K, used 25935K [0x0000000080000000, 0x0000000096380000, 0x00000000d5580000)
  object space 364032K, 7% used [0x0000000080000000,0x0000000081953fc0,0x0000000096380000)
 Metaspace       used 34520K, capacity 35386K, committed 35496K, reserved 1079296K
  class space    used 4796K, capacity 5030K, committed 5120K, reserved 1048576K
}

