# JRE version: Java(TM) SE Runtime Environment (8.0_201-b09) (build 1.8.0_201-b09)
# Java VM: Java HotSpot(TM) 64-Bit Server VM (25.201-b09 mixed mode windows-amd64 compressed oops)
Heap:
 PSYoungGen      total 209920K, used 61974K [0x00000000d5580000, 0x00000000e5080000, 0x0000000100000000)
  eden space 188416K, 32% used [0x00000000d5580000,0x00000000d9205870,0x00000000e0d80000)
  from space 21504K, 0% used [0x00000000e2280000,0x00000000e2280000,0x00000000e3780000)
  to   space 21504K, 0% used [0x00000000e0d80000,0x00000000e0d80000,0x00000000e2280000)
 ParOldGen       total 375808K, used 28617K [0x0000000080000000, 0x0000000096f00000, 0x00000000d5580000)
  object space 375808K, 7% used [0x0000000080000000,0x0000000081bf2498,0x0000000096f00000)
 Metaspace       used 36170K, capacity 37116K, committed 37416K, reserved 1081344K
  class space    used 5074K, capacity 5358K, committed 5424K, reserved 1048576K
GC Heap History (10 events):
Event: 7.201 GC heap before
{Heap before GC invocations=2 (full 1):
 PSYoungGen      total 153088K, used 15432K [0x00000000d5580000, 0x00000000e0000000, 0x0000000100000000)
  eden space 131584K, 0% used [0x00000000d5580000,0x00000000d5580000,0x00000000dd600000)
  from space 21504K, 71% used [0x00000000dd600000,0x00000000de5123b8,0x00000000deb00000)
  to   space 21504K, 0% used [0x00000000deb00000,0x00000000deb00000,0x00000000e0000000)
 ParOldGen       total 349696K, used 16K [0x0000000080000000, 0x0000000095580000, 0x00000000d5580000)
  object space 349696K, 0% used [0x0000000080000000,0x0000000080004000,0x0000000095580000)
 Metaspace       used 20802K, capacity 21170K, committed 21296K, reserved 1067008K
  class space    used 2717K, capacity 2849K, committed 2864K, reserved 1048576K
Event: 7.309 GC heap after
Heap after GC invocations=2 (full 1):
 PSYoungGen      total 153088K, used 0K [0x00000000d5580000, 0x00000000e0000000, 0x0000000100000000)
  eden space 131584K, 0% used [0x00000000d5580000,0x00000000d5580000,0x00000000dd600000)
  from space 21504K, 0% used [0x00000000dd600000,0x00000000dd600000,0x00000000deb00000)
  to   space 21504K, 0% used [0x00000000deb00000,0x00000000deb00000,0x00000000e0000000)
 ParOldGen       total 349696K, used 14946K [0x0000000080000000, 0x0000000095580000, 0x00000000d5580000)
  object space 349696K, 4% used [0x0000000080000000,0x0000000080e98bb8,0x0000000095580000)
 Metaspace       used 20802K, capacity 21170K, committed 21296K, reserved 1067008K
  class space    used 2717K, capacity 2849K, committed 2864K, reserved 1048576K
}
Event: 12.240 GC heap before
{Heap before GC invocations=3 (full 1):
 PSYoungGen      total 153088K, used 131584K [0x00000000d5580000, 0x00000000e0000000, 0x0000000100000000)
  eden space 131584K, 100% used [0x00000000d5580000,0x00000000dd600000,0x00000000dd600000)
  from space 21504K, 0% used [0x00000000dd600000,0x00000000dd600000,0x00000000deb00000)
  to   space 21504K, 0% used [0x00000000deb00000,0x00000000deb00000,0x00000000e0000000)
 ParOldGen       total 349696K, used 14946K [0x0000000080000000, 0x0000000095580000, 0x00000000d5580000)
  object space 349696K, 4% used [0x0000000080000000,0x0000000080e98bb8,0x0000000095580000)
 Metaspace       used 29914K, capacity 30630K, committed 30768K, reserved 1075200K
  class space    used 4059K, capacity 4315K, committed 4400K, reserved 1048576K
Event: 12.291 GC heap after
Heap after GC invocations=3 (full 1):
 PSYoungGen      total 153088K, used 13705K [0x00000000d5580000, 0x00000000e2a80000, 0x0000000100000000)
  eden space 131584K, 0% used [0x00000000d5580000,0x00000000d5580000,0x00000000dd600000)
  from space 21504K, 63% used [0x00000000deb00000,0x00000000df8625b8,0x00000000e0000000)
  to   space 21504K, 0% used [0x00000000dd600000,0x00000000dd600000,0x00000000deb00000)
 ParOldGen       total 349696K, used 14946K [0x0000000080000000, 0x0000000095580000, 0x00000000d5580000)
  object space 349696K, 4% used [0x0000000080000000,0x0000000080e98bb8,0x0000000095580000)
 Metaspace       used 29914K, capacity 30630K, committed 30768K, reserved 1075200K
  class space    used 4059K, capacity 4315K, committed 4400K, reserved 1048576K
}
Event: 14.758 GC heap before
{Heap before GC invocations=4 (full 1):
 PSYoungGen      total 153088K, used 145289K [0x00000000d5580000, 0x00000000e2a80000, 0x0000000100000000)
  eden space 131584K, 100% used [0x00000000d5580000,0x00000000dd600000,0x00000000dd600000)
  from space 21504K, 63% used [0x00000000deb00000,0x00000000df8625b8,0x00000000e0000000)
  to   space 21504K, 0% used [0x00000000dd600000,0x00000000dd600000,0x00000000deb00000)
 ParOldGen       total 349696K, used 14946K [0x0000000080000000, 0x0000000095580000, 0x00000000d5580000)
  object space 349696K, 4% used [0x0000000080000000,0x0000000080e98bb8,0x0000000095580000)
 Metaspace       used 33298K, capacity 34138K, committed 34352K, reserved 1079296K
  class space    used 4608K, capacity 4865K, committed 4912K, reserved 1048576K
Event: 14.806 GC heap after
Heap after GC invocations=4 (full 1):
 PSYoungGen      total 153088K, used 17128K [0x00000000d5580000, 0x00000000e3780000, 0x0000000100000000)
  eden space 131584K, 0% used [0x00000000d5580000,0x00000000d5580000,0x00000000dd600000)
  from space 21504K, 79% used [0x00000000dd600000,0x00000000de6ba0d0,0x00000000deb00000)
  to   space 21504K, 0% used [0x00000000e2280000,0x00000000e2280000,0x00000000e3780000)
 ParOldGen       total 349696K, used 15018K [0x0000000080000000, 0x0000000095580000, 0x00000000d5580000)
  object space 349696K, 4% used [0x0000000080000000,0x0000000080eaabc8,0x0000000095580000)
 Metaspace       used 33298K, capacity 34138K, committed 34352K, reserved 1079296K
  class space    used 4608K, capacity 4865K, committed 4912K, reserved 1048576K
}
Event: 15.892 GC heap before
{Heap before GC invocations=5 (full 1):
 PSYoungGen      total 153088K, used 83543K [0x00000000d5580000, 0x00000000e3780000, 0x0000000100000000)
  eden space 131584K, 50% used [0x00000000d5580000,0x00000000d965bba0,0x00000000dd600000)
  from space 21504K, 79% used [0x00000000dd600000,0x00000000de6ba0d0,0x00000000deb00000)
  to   space 21504K, 0% used [0x00000000e2280000,0x00000000e2280000,0x00000000e3780000)
 ParOldGen       total 349696K, used 15018K [0x0000000080000000, 0x0000000095580000, 0x00000000d5580000)
  object space 349696K, 4% used [0x0000000080000000,0x0000000080eaabc8,0x0000000095580000)
 Metaspace       used 34687K, capacity 35460K, committed 35496K, reserved 1079296K
  class space    used 4803K, capacity 5026K, committed 5040K, reserved 1048576K
Event: 15.970 GC heap after
Heap after GC invocations=5 (full 1):
 PSYoungGen      total 209920K, used 21478K [0x00000000d5580000, 0x00000000e5080000, 0x0000000100000000)
  eden space 188416K, 0% used [0x00000000d5580000,0x00000000d5580000,0x00000000e0d80000)
  from space 21504K, 99% used [0x00000000e2280000,0x00000000e3779a18,0x00000000e3780000)
  to   space 21504K, 0% used [0x00000000e0d80000,0x00000000e0d80000,0x00000000e2280000)
 ParOldGen       total 349696K, used 15347K [0x0000000080000000, 0x0000000095580000, 0x00000000d5580000)
  object space 349696K, 4% used [0x0000000080000000,0x0000000080efcd98,0x0000000095580000)
 Metaspace       used 34687K, capacity 35460K, committed 35496K, reserved 1079296K
  class space    used 4803K, capacity 5026K, committed 5040K, reserved 1048576K
}
Event: 15.970 GC heap before
{Heap before GC invocations=6 (full 2):
 PSYoungGen      total 209920K, used 21478K [0x00000000d5580000, 0x00000000e5080000, 0x0000000100000000)
  eden space 188416K, 0% used [0x00000000d5580000,0x00000000d5580000,0x00000000e0d80000)
  from space 21504K, 99% used [0x00000000e2280000,0x00000000e3779a18,0x00000000e3780000)
  to   space 21504K, 0% used [0x00000000e0d80000,0x00000000e0d80000,0x00000000e2280000)
 ParOldGen       total 349696K, used 15347K [0x0000000080000000, 0x0000000095580000, 0x00000000d5580000)
  object space 349696K, 4% used [0x0000000080000000,0x0000000080efcd98,0x0000000095580000)
 Metaspace       used 34687K, capacity 35460K, committed 35496K, reserved 1079296K
  class space    used 4803K, capacity 5026K, committed 5040K, reserved 1048576K
Event: 16.289 GC heap after
Heap after GC invocations=6 (full 2):
 PSYoungGen      total 209920K, used 0K [0x00000000d5580000, 0x00000000e5080000, 0x0000000100000000)
  eden space 188416K, 0% used [0x00000000d5580000,0x00000000d5580000,0x00000000e0d80000)
  from space 21504K, 0% used [0x00000000e2280000,0x00000000e2280000,0x00000000e3780000)
  to   space 21504K, 0% used [0x00000000e0d80000,0x00000000e0d80000,0x00000000e2280000)
 ParOldGen       total 375808K, used 28617K [0x0000000080000000, 0x0000000096f00000, 0x00000000d5580000)
  object space 375808K, 7% used [0x0000000080000000,0x0000000081bf2498,0x0000000096f00000)
 Metaspace       used 34687K, capacity 35460K, committed 35496K, reserved 1079296K
  class space    used 4803K, capacity 5026K, committed 5040K, reserved 1048576K
}

